<?xml version="1.0" encoding="UTF-8"?>
<testng-results ignored="0" total="1" passed="1" failed="0" skipped="0">
  <reporter-output>
    <line>
      <![CDATA[Browser window is maximized successfully]]>
    </line>
  </reporter-output>
  <suite started-at="2022-11-30T19:21:06 IST" name="Default suite" finished-at="2022-11-30T19:21:36 IST" duration-ms="29661">
    <groups>
    </groups>
    <test started-at="2022-11-30T19:21:06 IST" name="Default test" finished-at="2022-11-30T19:21:36 IST" duration-ms="29661">
      <class name="test_Scripts.Olxproject">
        <test-method is-config="true" signature="beforeSuit()[pri:0, instance:test_Scripts.Olxproject@593aaf41]" started-at="2022-11-30T19:21:06 IST" name="beforeSuit" finished-at="2022-11-30T19:21:06 IST" duration-ms="198" status="PASS">
          <reporter-output>
          </reporter-output>
        </test-method> <!-- beforeSuit -->
        <test-method is-config="true" signature="browserSetup()[pri:0, instance:test_Scripts.Olxproject@593aaf41]" started-at="2022-11-30T19:21:06 IST" name="browserSetup" finished-at="2022-11-30T19:21:11 IST" duration-ms="5190" status="PASS">
          <reporter-output>
            <line>
              <![CDATA[Browser window is maximized successfully]]>
            </line>
          </reporter-output>
        </test-method> <!-- browserSetup -->
        <test-method signature="test()[pri:0, instance:test_Scripts.Olxproject@593aaf41]" started-at="2022-11-30T19:21:11 IST" name="test" finished-at="2022-11-30T19:21:35 IST" duration-ms="23981" status="PASS">
          <reporter-output>
          </reporter-output>
        </test-method> <!-- test -->
        <test-method is-config="true" signature="CloseApp()[pri:0, instance:test_Scripts.Olxproject@593aaf41]" started-at="2022-11-30T19:21:35 IST" name="CloseApp" finished-at="2022-11-30T19:21:36 IST" duration-ms="457" status="PASS">
          <reporter-output>
          </reporter-output>
        </test-method> <!-- CloseApp -->
        <test-method is-config="true" signature="afterSuite()[pri:0, instance:test_Scripts.Olxproject@593aaf41]" started-at="2022-11-30T19:21:36 IST" name="afterSuite" finished-at="2022-11-30T19:21:36 IST" duration-ms="262" status="PASS">
          <reporter-output>
          </reporter-output>
        </test-method> <!-- afterSuite -->
      </class> <!-- test_Scripts.Olxproject -->
    </test> <!-- Default test -->
  </suite> <!-- Default suite -->
</testng-results>
